<?xml version="1.0" encoding="UTF-8"?>
<!-- Generated by org.testng.reporters.JUnitReportReporter -->
<testsuite hostname="DESKTOP-KLJBDTQ" failures="0" tests="6" name="com.orangehrmlive.Tests.PositiveLoginTests" time="47.777" errors="0" timestamp="2023-02-13T10:25:16 CET" skipped="0">
  <testcase classname="com.orangehrmlive.Tests.PositiveLoginTests" name="loginPageTest" time="8.721"/>
  <system-out/>
  <testcase classname="com.orangehrmlive.Tests.PositiveLoginTests" name="maskedPasswordTest" time="5.602"/>
  <system-out/>
  <testcase classname="com.orangehrmlive.Tests.PositiveLoginTests" name="usernameCursorTest" time="7.927"/>
  <system-out/>
  <testcase classname="com.orangehrmlive.Tests.PositiveLoginTests" name="switchCursorTest" time="10.204"/>
  <system-out/>
  <testcase classname="com.orangehrmlive.Tests.PositiveLoginTests" name="loginTest" time="6.704"/>
  <system-out/>
  <testcase classname="com.orangehrmlive.Tests.PositiveLoginTests" name="forgotPasswordTest" time="8.619"/>
  <system-out/>
</testsuite> <!-- com.orangehrmlive.Tests.PositiveLoginTests -->
