<?xml version="1.0" encoding="UTF-8"?>
<!-- Generated by org.testng.reporters.JUnitReportReporter -->
<testsuite hostname="DESKTOP-KLJBDTQ" failures="0" tests="1" name="com.orangehrmlive.Tests.AdminModuleTests" time="11.775" errors="0" timestamp="2022-12-13T13:39:58 CET" skipped="0">
  <testcase classname="com.orangehrmlive.Tests.AdminModuleTests" name="editShiftTest" time="11.775"/>
  <system-out/>
</testsuite> <!-- com.orangehrmlive.Tests.AdminModuleTests -->
